<!DOCTYPE html PUBLIC "-//W3C//DTD XHTML 1.1//EN" "http://www.w3.org/TR/xhtml11/DTD/xhtml11.dtd">
<html xmlns="http://www.w3.org/1999/xhtml">
<head>
<meta http-equiv="content-type" content="text/html; charset=UTF-8"/>
<title>TestNG Report</title>
<style type="text/css">table {margin-bottom:10px;border-collapse:collapse;empty-cells:show}th,td {border:1px solid #009;padding:.25em .5em}th {vertical-align:bottom}td {vertical-align:top}table a {font-weight:bold}.stripe td {background-color: #E6EBF9}.num {text-align:right}.passedodd td {background-color: #3F3}.passedeven td {background-color: #0A0}.skippedodd td {background-color: #DDD}.skippedeven td {background-color: #CCC}.failedodd td,.attn {background-color: #F33}.failedeven td,.stripe .attn {background-color: #D00}.stacktrace {white-space:pre;font-family:monospace}.totop {font-size:85%;text-align:center;border-bottom:2px solid #000}.invisible {display:none}</style>
</head>
<body>
<table>
<tr><th>Test</th><th># Passed</th><th># Skipped</th><th># Failed</th><th>Time (ms)</th><th>Included Groups</th><th>Excluded Groups</th></tr>
<tr><th colspan="7">MyntraShoppingSuite</th></tr>
<tr><td><a href="#t0">Test</a></td><td class="num">5</td><td class="num">0</td><td class="num attn">7</td><td class="num">206,991</td><td></td><td></td></tr>
</table>
<table id='summary'><thead><tr><th>Class</th><th>Method</th><th>Start</th><th>Time (ms)</th></tr></thead><tbody><tr><th colspan="4">MyntraShoppingSuite</th></tr></tbody><tbody id="t0"><tr><th colspan="4">Test &#8212; failed</th></tr><tr class="failedeven"><td rowspan="7">com.qa.testscript.TC_InvalidLogin_002</td><td><a href="#m0">BuyProductAndSignout</a></td><td rowspan="1">1620094107157</td><td rowspan="1">4</td></tr><tr class="failedeven"><td><a href="#m1">Invalidlogin</a></td><td rowspan="3">1620094086466</td><td rowspan="3">20493</td></tr><tr class="failedeven"><td><a href="#m2">Invalidlogin</a></td></tr><tr class="failedeven"><td><a href="#m3">Invalidlogin</a></td></tr><tr class="failedeven"><td><a href="#m4">buyproduct</a></td><td rowspan="3">1620094107149</td><td rowspan="3">5</td></tr><tr class="failedeven"><td><a href="#m5">buyproduct</a></td></tr><tr class="failedeven"><td><a href="#m6">buyproduct</a></td></tr><tr><th colspan="4">Test &#8212; passed</th></tr><tr class="passedeven"><td rowspan="5">com.qa.testscript.TC_MyntraShopping_001</td><td><a href="#m7">AddToCart</a></td><td rowspan="3">1620093926926</td><td rowspan="3">26214</td></tr><tr class="passedeven"><td><a href="#m8">AddToCart</a></td></tr><tr class="passedeven"><td><a href="#m9">AddToCart</a></td></tr><tr class="passedeven"><td><a href="#m10">BuyProductAndSignout</a></td><td rowspan="1">1620094006295</td><td rowspan="1">25028</td></tr><tr class="passedeven"><td><a href="#m11">getValidLoginData</a></td><td rowspan="1">1620093908879</td><td rowspan="1">17528</td></tr></tbody>
</table>
<h2>Test</h2><h3 id="m0">com.qa.testscript.TC_InvalidLogin_002#BuyProductAndSignout</h3><table class="result"><tr><th>Exception</th></tr><tr><td><div class="stacktrace">java.lang.AssertionError: expected [Username or Password should be correct] but found [false]
	at com.qa.testscript.TC_InvalidLogin_002.BuyProductAndSignout(TC_InvalidLogin_002.java:127)
... Removed 30 stack frames</div></td></tr></table><p class="totop"><a href="#summary">back to summary</a></p>
<h3 id="m1">com.qa.testscript.TC_InvalidLogin_002#Invalidlogin</h3><table class="result"><tr class="param"><th>Parameter #1</th><th>Parameter #2</th></tr><tr class="param stripe"><td>6892214013</td><td>_*@!###</td></tr><tr><th colspan="2">Exception</th></tr><tr><td colspan="2"><div class="stacktrace">org.openqa.selenium.ElementNotInteractableException: element not interactable
  (Session info: chrome=90.0.4430.93)
Build info: version: &apos;3.141.59&apos;, revision: &apos;e82be7d358&apos;, time: &apos;2018-11-14T08:17:03&apos;
System info: host: &apos;DESKTOP-ETJP85C&apos;, ip: &apos;192.168.0.100&apos;, os.name: &apos;Windows 10&apos;, os.arch: &apos;amd64&apos;, os.version: &apos;10.0&apos;, java.version: &apos;1.8.0_281&apos;
Driver info: org.openqa.selenium.chrome.ChromeDriver
Capabilities {acceptInsecureCerts: false, browserName: chrome, browserVersion: 90.0.4430.93, chrome: {chromedriverVersion: 89.0.4389.23 (61b08ee2c5002..., userDataDir: C:\Users\Pranaya\AppData\Lo...}, goog:chromeOptions: {debuggerAddress: localhost:55913}, javascriptEnabled: true, networkConnectionEnabled: false, pageLoadStrategy: normal, platform: WINDOWS, platformName: WINDOWS, proxy: Proxy(), setWindowRect: true, strictFileInteractability: false, timeouts: {implicit: 0, pageLoad: 300000, script: 30000}, unhandledPromptBehavior: dismiss and notify, webauthn:extension:largeBlob: true, webauthn:virtualAuthenticators: true}
Session ID: c562298a83267b38842e3d86e37e4e46
	at org.openqa.selenium.remote.http.W3CHttpResponseCodec.createException(W3CHttpResponseCodec.java:187)
	at org.openqa.selenium.remote.http.W3CHttpResponseCodec.decode(W3CHttpResponseCodec.java:122)
	at org.openqa.selenium.remote.http.W3CHttpResponseCodec.decode(W3CHttpResponseCodec.java:49)
	at org.openqa.selenium.remote.HttpCommandExecutor.execute(HttpCommandExecutor.java:158)
	at org.openqa.selenium.remote.service.DriverCommandExecutor.execute(DriverCommandExecutor.java:83)
	at org.openqa.selenium.remote.RemoteWebDriver.execute(RemoteWebDriver.java:552)
	at org.openqa.selenium.remote.RemoteWebElement.execute(RemoteWebElement.java:285)
	at org.openqa.selenium.remote.RemoteWebElement.click(RemoteWebElement.java:84)
	at org.openqa.selenium.support.pagefactory.internal.LocatingElementHandler.invoke(LocatingElementHandler.java:51)
	at com.sun.proxy.$Proxy11.click(Unknown Source)
	at com.qa.testscript.TC_InvalidLogin_002.Invalidlogin(TC_InvalidLogin_002.java:31)
... Removed 32 stack frames</div></td></tr></table><p class="totop"><a href="#summary">back to summary</a></p>
<h3 id="m2">com.qa.testscript.TC_InvalidLogin_002#Invalidlogin</h3><table class="result"><tr class="param"><th>Parameter #1</th><th>Parameter #2</th></tr><tr class="param stripe"><td>6801212013</td><td>**&amp;&amp;kjg</td></tr><tr><th colspan="2">Exception</th></tr><tr><td colspan="2"><div class="stacktrace">org.openqa.selenium.ElementNotInteractableException: element not interactable
  (Session info: chrome=90.0.4430.93)
Build info: version: &apos;3.141.59&apos;, revision: &apos;e82be7d358&apos;, time: &apos;2018-11-14T08:17:03&apos;
System info: host: &apos;DESKTOP-ETJP85C&apos;, ip: &apos;192.168.0.100&apos;, os.name: &apos;Windows 10&apos;, os.arch: &apos;amd64&apos;, os.version: &apos;10.0&apos;, java.version: &apos;1.8.0_281&apos;
Driver info: org.openqa.selenium.chrome.ChromeDriver
Capabilities {acceptInsecureCerts: false, browserName: chrome, browserVersion: 90.0.4430.93, chrome: {chromedriverVersion: 89.0.4389.23 (61b08ee2c5002..., userDataDir: C:\Users\Pranaya\AppData\Lo...}, goog:chromeOptions: {debuggerAddress: localhost:55913}, javascriptEnabled: true, networkConnectionEnabled: false, pageLoadStrategy: normal, platform: WINDOWS, platformName: WINDOWS, proxy: Proxy(), setWindowRect: true, strictFileInteractability: false, timeouts: {implicit: 0, pageLoad: 300000, script: 30000}, unhandledPromptBehavior: dismiss and notify, webauthn:extension:largeBlob: true, webauthn:virtualAuthenticators: true}
Session ID: c562298a83267b38842e3d86e37e4e46
	at org.openqa.selenium.remote.http.W3CHttpResponseCodec.createException(W3CHttpResponseCodec.java:187)
	at org.openqa.selenium.remote.http.W3CHttpResponseCodec.decode(W3CHttpResponseCodec.java:122)
	at org.openqa.selenium.remote.http.W3CHttpResponseCodec.decode(W3CHttpResponseCodec.java:49)
	at org.openqa.selenium.remote.HttpCommandExecutor.execute(HttpCommandExecutor.java:158)
	at org.openqa.selenium.remote.service.DriverCommandExecutor.execute(DriverCommandExecutor.java:83)
	at org.openqa.selenium.remote.RemoteWebDriver.execute(RemoteWebDriver.java:552)
	at org.openqa.selenium.remote.RemoteWebElement.execute(RemoteWebElement.java:285)
	at org.openqa.selenium.remote.RemoteWebElement.click(RemoteWebElement.java:84)
	at org.openqa.selenium.support.pagefactory.internal.LocatingElementHandler.invoke(LocatingElementHandler.java:51)
	at com.sun.proxy.$Proxy11.click(Unknown Source)
	at com.qa.testscript.TC_InvalidLogin_002.Invalidlogin(TC_InvalidLogin_002.java:31)
... Removed 32 stack frames</div></td></tr></table><p class="totop"><a href="#summary">back to summary</a></p>
<h3 id="m3">com.qa.testscript.TC_InvalidLogin_002#Invalidlogin</h3><table class="result"><tr class="param"><th>Parameter #1</th><th>Parameter #2</th></tr><tr class="param stripe"><td>6803212013</td><td>1dsdefe</td></tr><tr><th colspan="2">Messages</th></tr><tr><td colspan="2"><div class="messages">Invalid Credentials</div></td></tr><tr><th colspan="2">Exception</th></tr><tr><td colspan="2"><div class="stacktrace">java.lang.AssertionError: The following asserts failed:
	expected [Username or Password should be correct] but found [false]
	at com.qa.testscript.TC_InvalidLogin_002.Invalidlogin(TC_InvalidLogin_002.java:53)
... Removed 26 stack frames</div></td></tr></table><p class="totop"><a href="#summary">back to summary</a></p>
<h3 id="m4">com.qa.testscript.TC_InvalidLogin_002#buyproduct</h3><table class="result"><tr class="param"><th>Parameter #1</th><th>Parameter #2</th></tr><tr class="param stripe"><td>Flower vase</td><td>https://www.myntra.com/?src=bc</td></tr><tr><th colspan="2">Exception</th></tr><tr><td colspan="2"><div class="stacktrace">java.lang.AssertionError: expected [Username or Password should be correct] but found [false]
	at com.qa.testscript.TC_InvalidLogin_002.buyproduct(TC_InvalidLogin_002.java:79)
... Removed 30 stack frames</div></td></tr></table><p class="totop"><a href="#summary">back to summary</a></p>
<h3 id="m5">com.qa.testscript.TC_InvalidLogin_002#buyproduct</h3><table class="result"><tr class="param"><th>Parameter #1</th><th>Parameter #2</th></tr><tr class="param stripe"><td>Pen</td><td>https://www.myntra.com/?src=bc</td></tr><tr><th colspan="2">Exception</th></tr><tr><td colspan="2"><div class="stacktrace">java.lang.AssertionError: expected [Username or Password should be correct] but found [false]
	at com.qa.testscript.TC_InvalidLogin_002.buyproduct(TC_InvalidLogin_002.java:79)
... Removed 30 stack frames</div></td></tr></table><p class="totop"><a href="#summary">back to summary</a></p>
<h3 id="m6">com.qa.testscript.TC_InvalidLogin_002#buyproduct</h3><table class="result"><tr class="param"><th>Parameter #1</th><th>Parameter #2</th></tr><tr class="param stripe"><td>Spice art</td><td>https://www.myntra.com/?src=bc</td></tr><tr><th colspan="2">Exception</th></tr><tr><td colspan="2"><div class="stacktrace">java.lang.AssertionError: expected [Username or Password should be correct] but found [false]
	at com.qa.testscript.TC_InvalidLogin_002.buyproduct(TC_InvalidLogin_002.java:79)
... Removed 30 stack frames</div></td></tr></table><p class="totop"><a href="#summary">back to summary</a></p>
<h3 id="m7">com.qa.testscript.TC_MyntraShopping_001#AddToCart</h3><table class="result"><tr class="param"><th>Parameter #1</th><th>Parameter #2</th></tr><tr class="param stripe"><td>Pen</td><td>https://www.myntra.com/?src=bc</td></tr></table><p class="totop"><a href="#summary">back to summary</a></p>
<h3 id="m8">com.qa.testscript.TC_MyntraShopping_001#AddToCart</h3><table class="result"><tr class="param"><th>Parameter #1</th><th>Parameter #2</th></tr><tr class="param stripe"><td>Spice art</td><td>https://www.myntra.com/?src=bc</td></tr></table><p class="totop"><a href="#summary">back to summary</a></p>
<h3 id="m9">com.qa.testscript.TC_MyntraShopping_001#AddToCart</h3><table class="result"><tr class="param"><th>Parameter #1</th><th>Parameter #2</th></tr><tr class="param stripe"><td>Flower vase</td><td>https://www.myntra.com/?src=bc</td></tr></table><p class="totop"><a href="#summary">back to summary</a></p>
<h3 id="m10">com.qa.testscript.TC_MyntraShopping_001#BuyProductAndSignout</h3><table class="result"><tr><th>Messages</th></tr><tr><td><div class="messages">9: Number of Items in cart<br/>Cart Items:<br/>Women Brown & Orange Snake Printed Fanny Pack<br/>Women Blue & Green Printed Mobile Sling Bag<br/>Women Pack of 3 Navy Blue & White Printed Canvas Bags<br/>Set of 3 White Ceramic Flower Vase<br/>Women Red & Black Metallic Waist Pouch<br/>Black ATX Brushed PVD Ballpoint Pen With Gift Box<br/>White Rose Gold-Plated Eternal Flower Necklace<br/>Black Solid Sling Bag<br/>Unisex Black Caviar FP-Med Nib Fountain Pen<br/> Order placed and Signed out successfully</div></td></tr></table><p class="totop"><a href="#summary">back to summary</a></p>
<h3 id="m11">com.qa.testscript.TC_MyntraShopping_001#getValidLoginData</h3><table class="result"><tr class="param"><th>Parameter #1</th><th>Parameter #2</th></tr><tr class="param stripe"><td>9133816572</td><td>Kitkat@456</td></tr><tr><th colspan="2">Messages</th></tr><tr><td colspan="2"><div class="messages">Logged in successful</div></td></tr></table><p class="totop"><a href="#summary">back to summary</a></p>
</body>
</html>
