<?xml version="1.0" encoding="UTF-8"?>
<!-- Generated by org.testng.reporters.JUnitXMLReporter -->
<testsuite hostname="DESKTOP-ETJP85C" ignored="0" name="Test" tests="12" failures="7" timestamp="04 May 2021 02:08:27 GMT" time="206.991" errors="0">
  <testcase name="getValidLoginData" time="17.528" classname="com.qa.testscript.TC_MyntraShopping_001"/>
  <testcase name="AddToCart" time="26.214" classname="com.qa.testscript.TC_MyntraShopping_001"/>
  <testcase name="AddToCart" time="27.064" classname="com.qa.testscript.TC_MyntraShopping_001"/>
  <testcase name="AddToCart" time="26.081" classname="com.qa.testscript.TC_MyntraShopping_001"/>
  <testcase name="BuyProductAndSignout" time="25.028" classname="com.qa.testscript.TC_MyntraShopping_001"/>
  <testcase name="Invalidlogin" time="32.984" classname="com.qa.testscript.TC_InvalidLogin_002">
    <failure type="java.lang.AssertionError" message="The following asserts failed:
	expected [Username or Password should be correct] but found [false]">
      <![CDATA[java.lang.AssertionError: The following asserts failed:
expected [Username or Password should be correct] but found [false]
at com.qa.testscript.TC_InvalidLogin_002.Invalidlogin(TC_InvalidLogin_002.java:53)
... Removed 26 stack frames]]>
    </failure>
  </testcase> <!-- Invalidlogin -->
  <testcase name="Invalidlogin" time="15.678" classname="com.qa.testscript.TC_InvalidLogin_002">
    <failure type="org.openqa.selenium.ElementNotInteractableException" message="element not interactable
  (Session info: chrome=90.0.4430.93)
Build info: version: &amp;apos;3.141.59&amp;apos;, revision: &amp;apos;e82be7d358&amp;apos;, time: &amp;apos;2018-11-14T08:17:03&amp;apos;
System info: host: &amp;apos;DESKTOP-ETJP85C&amp;apos;, ip: &amp;apos;192.168.0.100&amp;apos;, os.name: &amp;apos;Windows 10&amp;apos;, os.arch: &amp;apos;amd64&amp;apos;, os.version: &amp;apos;10.0&amp;apos;, java.version: &amp;apos;1.8.0_281&amp;apos;
Driver info: org.openqa.selenium.chrome.ChromeDriver
Capabilities {acceptInsecureCerts: false, browserName: chrome, browserVersion: 90.0.4430.93, chrome: {chromedriverVersion: 89.0.4389.23 (61b08ee2c5002..., userDataDir: C:\Users\Pranaya\AppData\Lo...}, goog:chromeOptions: {debuggerAddress: localhost:55913}, javascriptEnabled: true, networkConnectionEnabled: false, pageLoadStrategy: normal, platform: WINDOWS, platformName: WINDOWS, proxy: Proxy(), setWindowRect: true, strictFileInteractability: false, timeouts: {implicit: 0, pageLoad: 300000, script: 30000}, unhandledPromptBehavior: dismiss and notify, webauthn:extension:largeBlob: true, webauthn:virtualAuthenticators: true}
Session ID: c562298a83267b38842e3d86e37e4e46">
      <![CDATA[org.openqa.selenium.ElementNotInteractableException: element not interactable
  (Session info: chrome=90.0.4430.93)
Build info: version: '3.141.59', revision: 'e82be7d358', time: '2018-11-14T08:17:03'
System info: host: 'DESKTOP-ETJP85C', ip: '192.168.0.100', os.name: 'Windows 10', os.arch: 'amd64', os.version: '10.0', java.version: '1.8.0_281'
Driver info: org.openqa.selenium.chrome.ChromeDriver
Capabilities {acceptInsecureCerts: false, browserName: chrome, browserVersion: 90.0.4430.93, chrome: {chromedriverVersion: 89.0.4389.23 (61b08ee2c5002..., userDataDir: C:\Users\Pranaya\AppData\Lo...}, goog:chromeOptions: {debuggerAddress: localhost:55913}, javascriptEnabled: true, networkConnectionEnabled: false, pageLoadStrategy: normal, platform: WINDOWS, platformName: WINDOWS, proxy: Proxy(), setWindowRect: true, strictFileInteractability: false, timeouts: {implicit: 0, pageLoad: 300000, script: 30000}, unhandledPromptBehavior: dismiss and notify, webauthn:extension:largeBlob: true, webauthn:virtualAuthenticators: true}
Session ID: c562298a83267b38842e3d86e37e4e46
at org.openqa.selenium.remote.http.W3CHttpResponseCodec.createException(W3CHttpResponseCodec.java:187)
at org.openqa.selenium.remote.http.W3CHttpResponseCodec.decode(W3CHttpResponseCodec.java:122)
at org.openqa.selenium.remote.http.W3CHttpResponseCodec.decode(W3CHttpResponseCodec.java:49)
at org.openqa.selenium.remote.HttpCommandExecutor.execute(HttpCommandExecutor.java:158)
at org.openqa.selenium.remote.service.DriverCommandExecutor.execute(DriverCommandExecutor.java:83)
at org.openqa.selenium.remote.RemoteWebDriver.execute(RemoteWebDriver.java:552)
at org.openqa.selenium.remote.RemoteWebElement.execute(RemoteWebElement.java:285)
at org.openqa.selenium.remote.RemoteWebElement.click(RemoteWebElement.java:84)
at org.openqa.selenium.support.pagefactory.internal.LocatingElementHandler.invoke(LocatingElementHandler.java:51)
at com.sun.proxy.$Proxy11.click(Unknown Source)
at com.qa.testscript.TC_InvalidLogin_002.Invalidlogin(TC_InvalidLogin_002.java:31)
... Removed 32 stack frames]]>
    </failure>
  </testcase> <!-- Invalidlogin -->
  <testcase name="Invalidlogin" time="20.493" classname="com.qa.testscript.TC_InvalidLogin_002">
    <failure type="org.openqa.selenium.ElementNotInteractableException" message="element not interactable
  (Session info: chrome=90.0.4430.93)
Build info: version: &amp;apos;3.141.59&amp;apos;, revision: &amp;apos;e82be7d358&amp;apos;, time: &amp;apos;2018-11-14T08:17:03&amp;apos;
System info: host: &amp;apos;DESKTOP-ETJP85C&amp;apos;, ip: &amp;apos;192.168.0.100&amp;apos;, os.name: &amp;apos;Windows 10&amp;apos;, os.arch: &amp;apos;amd64&amp;apos;, os.version: &amp;apos;10.0&amp;apos;, java.version: &amp;apos;1.8.0_281&amp;apos;
Driver info: org.openqa.selenium.chrome.ChromeDriver
Capabilities {acceptInsecureCerts: false, browserName: chrome, browserVersion: 90.0.4430.93, chrome: {chromedriverVersion: 89.0.4389.23 (61b08ee2c5002..., userDataDir: C:\Users\Pranaya\AppData\Lo...}, goog:chromeOptions: {debuggerAddress: localhost:55913}, javascriptEnabled: true, networkConnectionEnabled: false, pageLoadStrategy: normal, platform: WINDOWS, platformName: WINDOWS, proxy: Proxy(), setWindowRect: true, strictFileInteractability: false, timeouts: {implicit: 0, pageLoad: 300000, script: 30000}, unhandledPromptBehavior: dismiss and notify, webauthn:extension:largeBlob: true, webauthn:virtualAuthenticators: true}
Session ID: c562298a83267b38842e3d86e37e4e46">
      <![CDATA[org.openqa.selenium.ElementNotInteractableException: element not interactable
  (Session info: chrome=90.0.4430.93)
Build info: version: '3.141.59', revision: 'e82be7d358', time: '2018-11-14T08:17:03'
System info: host: 'DESKTOP-ETJP85C', ip: '192.168.0.100', os.name: 'Windows 10', os.arch: 'amd64', os.version: '10.0', java.version: '1.8.0_281'
Driver info: org.openqa.selenium.chrome.ChromeDriver
Capabilities {acceptInsecureCerts: false, browserName: chrome, browserVersion: 90.0.4430.93, chrome: {chromedriverVersion: 89.0.4389.23 (61b08ee2c5002..., userDataDir: C:\Users\Pranaya\AppData\Lo...}, goog:chromeOptions: {debuggerAddress: localhost:55913}, javascriptEnabled: true, networkConnectionEnabled: false, pageLoadStrategy: normal, platform: WINDOWS, platformName: WINDOWS, proxy: Proxy(), setWindowRect: true, strictFileInteractability: false, timeouts: {implicit: 0, pageLoad: 300000, script: 30000}, unhandledPromptBehavior: dismiss and notify, webauthn:extension:largeBlob: true, webauthn:virtualAuthenticators: true}
Session ID: c562298a83267b38842e3d86e37e4e46
at org.openqa.selenium.remote.http.W3CHttpResponseCodec.createException(W3CHttpResponseCodec.java:187)
at org.openqa.selenium.remote.http.W3CHttpResponseCodec.decode(W3CHttpResponseCodec.java:122)
at org.openqa.selenium.remote.http.W3CHttpResponseCodec.decode(W3CHttpResponseCodec.java:49)
at org.openqa.selenium.remote.HttpCommandExecutor.execute(HttpCommandExecutor.java:158)
at org.openqa.selenium.remote.service.DriverCommandExecutor.execute(DriverCommandExecutor.java:83)
at org.openqa.selenium.remote.RemoteWebDriver.execute(RemoteWebDriver.java:552)
at org.openqa.selenium.remote.RemoteWebElement.execute(RemoteWebElement.java:285)
at org.openqa.selenium.remote.RemoteWebElement.click(RemoteWebElement.java:84)
at org.openqa.selenium.support.pagefactory.internal.LocatingElementHandler.invoke(LocatingElementHandler.java:51)
at com.sun.proxy.$Proxy11.click(Unknown Source)
at com.qa.testscript.TC_InvalidLogin_002.Invalidlogin(TC_InvalidLogin_002.java:31)
... Removed 32 stack frames]]>
    </failure>
  </testcase> <!-- Invalidlogin -->
  <testcase name="buyproduct" time="0.006" classname="com.qa.testscript.TC_InvalidLogin_002">
    <failure type="java.lang.AssertionError" message="expected [Username or Password should be correct] but found [false]">
      <![CDATA[java.lang.AssertionError: expected [Username or Password should be correct] but found [false]
at com.qa.testscript.TC_InvalidLogin_002.buyproduct(TC_InvalidLogin_002.java:79)
... Removed 30 stack frames]]>
    </failure>
  </testcase> <!-- buyproduct -->
  <testcase name="buyproduct" time="0.007" classname="com.qa.testscript.TC_InvalidLogin_002">
    <failure type="java.lang.AssertionError" message="expected [Username or Password should be correct] but found [false]">
      <![CDATA[java.lang.AssertionError: expected [Username or Password should be correct] but found [false]
at com.qa.testscript.TC_InvalidLogin_002.buyproduct(TC_InvalidLogin_002.java:79)
... Removed 30 stack frames]]>
    </failure>
  </testcase> <!-- buyproduct -->
  <testcase name="buyproduct" time="0.005" classname="com.qa.testscript.TC_InvalidLogin_002">
    <failure type="java.lang.AssertionError" message="expected [Username or Password should be correct] but found [false]">
      <![CDATA[java.lang.AssertionError: expected [Username or Password should be correct] but found [false]
at com.qa.testscript.TC_InvalidLogin_002.buyproduct(TC_InvalidLogin_002.java:79)
... Removed 30 stack frames]]>
    </failure>
  </testcase> <!-- buyproduct -->
  <testcase name="BuyProductAndSignout" time="0.004" classname="com.qa.testscript.TC_InvalidLogin_002">
    <failure type="java.lang.AssertionError" message="expected [Username or Password should be correct] but found [false]">
      <![CDATA[java.lang.AssertionError: expected [Username or Password should be correct] but found [false]
at com.qa.testscript.TC_InvalidLogin_002.BuyProductAndSignout(TC_InvalidLogin_002.java:127)
... Removed 30 stack frames]]>
    </failure>
  </testcase> <!-- BuyProductAndSignout -->
</testsuite> <!-- Test -->
