<?xml version="1.0" encoding="UTF-8"?>
<!-- Generated by org.testng.reporters.JUnitXMLReporter -->
<testsuite hostname="DESKTOP-ETJP85C" ignored="0" name="Test" tests="12" failures="9" timestamp="04 May 2021 04:41:54 GMT" time="220.619" errors="0">
  <testcase name="getValidLoginData" time="18.699" classname="com.qa.testscript.TC_MyntraShopping_001"/>
  <testcase name="AddToCart" time="12.559" classname="com.qa.testscript.TC_MyntraShopping_001">
    <failure type="org.openqa.selenium.ElementClickInterceptedException" message="element click intercepted: Element &amp;lt;div class=&amp;quot;product-sliderContainer&amp;quot; style=&amp;quot;display: block;&amp;quot;&amp;gt;...&amp;lt;/div&amp;gt; is not clickable at point (385, 424). Other element would receive the click: &amp;lt;li class=&amp;quot;desktop-evenColumnContent desktop-oddColumnContent&amp;quot; data-reactid=&amp;quot;651&amp;quot;&amp;gt;...&amp;lt;/li&amp;gt;
  (Session info: chrome=90.0.4430.93)
Build info: version: &amp;apos;3.141.59&amp;apos;, revision: &amp;apos;e82be7d358&amp;apos;, time: &amp;apos;2018-11-14T08:17:03&amp;apos;
System info: host: &amp;apos;DESKTOP-ETJP85C&amp;apos;, ip: &amp;apos;192.168.0.100&amp;apos;, os.name: &amp;apos;Windows 10&amp;apos;, os.arch: &amp;apos;amd64&amp;apos;, os.version: &amp;apos;10.0&amp;apos;, java.version: &amp;apos;1.8.0_281&amp;apos;
Driver info: org.openqa.selenium.chrome.ChromeDriver
Capabilities {acceptInsecureCerts: false, browserName: chrome, browserVersion: 90.0.4430.93, chrome: {chromedriverVersion: 89.0.4389.23 (61b08ee2c5002..., userDataDir: C:\Users\Pranaya\AppData\Lo...}, goog:chromeOptions: {debuggerAddress: localhost:59517}, javascriptEnabled: true, networkConnectionEnabled: false, pageLoadStrategy: normal, platform: WINDOWS, platformName: WINDOWS, proxy: Proxy(), setWindowRect: true, strictFileInteractability: false, timeouts: {implicit: 0, pageLoad: 300000, script: 30000}, unhandledPromptBehavior: dismiss and notify, webauthn:extension:largeBlob: true, webauthn:virtualAuthenticators: true}
Session ID: 5d8a89c1da4b9982b5d54da113347f74">
      <![CDATA[org.openqa.selenium.ElementClickInterceptedException: element click intercepted: Element <div class="product-sliderContainer" style="display: block;">...</div> is not clickable at point (385, 424). Other element would receive the click: <li class="desktop-evenColumnContent desktop-oddColumnContent" data-reactid="651">...</li>
  (Session info: chrome=90.0.4430.93)
Build info: version: '3.141.59', revision: 'e82be7d358', time: '2018-11-14T08:17:03'
System info: host: 'DESKTOP-ETJP85C', ip: '192.168.0.100', os.name: 'Windows 10', os.arch: 'amd64', os.version: '10.0', java.version: '1.8.0_281'
Driver info: org.openqa.selenium.chrome.ChromeDriver
Capabilities {acceptInsecureCerts: false, browserName: chrome, browserVersion: 90.0.4430.93, chrome: {chromedriverVersion: 89.0.4389.23 (61b08ee2c5002..., userDataDir: C:\Users\Pranaya\AppData\Lo...}, goog:chromeOptions: {debuggerAddress: localhost:59517}, javascriptEnabled: true, networkConnectionEnabled: false, pageLoadStrategy: normal, platform: WINDOWS, platformName: WINDOWS, proxy: Proxy(), setWindowRect: true, strictFileInteractability: false, timeouts: {implicit: 0, pageLoad: 300000, script: 30000}, unhandledPromptBehavior: dismiss and notify, webauthn:extension:largeBlob: true, webauthn:virtualAuthenticators: true}
Session ID: 5d8a89c1da4b9982b5d54da113347f74
at org.openqa.selenium.remote.http.W3CHttpResponseCodec.createException(W3CHttpResponseCodec.java:187)
at org.openqa.selenium.remote.http.W3CHttpResponseCodec.decode(W3CHttpResponseCodec.java:122)
at org.openqa.selenium.remote.http.W3CHttpResponseCodec.decode(W3CHttpResponseCodec.java:49)
at org.openqa.selenium.remote.HttpCommandExecutor.execute(HttpCommandExecutor.java:158)
at org.openqa.selenium.remote.service.DriverCommandExecutor.execute(DriverCommandExecutor.java:83)
at org.openqa.selenium.remote.RemoteWebDriver.execute(RemoteWebDriver.java:552)
at org.openqa.selenium.remote.RemoteWebElement.execute(RemoteWebElement.java:285)
at org.openqa.selenium.remote.RemoteWebElement.click(RemoteWebElement.java:84)
at org.openqa.selenium.support.pagefactory.internal.LocatingElementHandler.invoke(LocatingElementHandler.java:51)
at com.sun.proxy.$Proxy11.click(Unknown Source)
at com.qa.testscript.TC_MyntraShopping_001.AddToCart(TC_MyntraShopping_001.java:66)
... Removed 33 stack frames]]>
    </failure>
  </testcase> <!-- AddToCart -->
  <testcase name="AddToCart" time="12.598" classname="com.qa.testscript.TC_MyntraShopping_001">
    <failure type="org.openqa.selenium.ElementClickInterceptedException" message="element click intercepted: Element &amp;lt;div class=&amp;quot;product-sliderContainer&amp;quot; style=&amp;quot;display: block;&amp;quot;&amp;gt;...&amp;lt;/div&amp;gt; is not clickable at point (385, 400). Other element would receive the click: &amp;lt;a href=&amp;quot;/beauty-page-fragrances?f=Categories%3ABody%20Mist&amp;quot; style=&amp;quot;color:;&amp;quot; class=&amp;quot;desktop-categoryLink&amp;quot; data-reactid=&amp;quot;677&amp;quot;&amp;gt;...&amp;lt;/a&amp;gt;
  (Session info: chrome=90.0.4430.93)
Build info: version: &amp;apos;3.141.59&amp;apos;, revision: &amp;apos;e82be7d358&amp;apos;, time: &amp;apos;2018-11-14T08:17:03&amp;apos;
System info: host: &amp;apos;DESKTOP-ETJP85C&amp;apos;, ip: &amp;apos;192.168.0.100&amp;apos;, os.name: &amp;apos;Windows 10&amp;apos;, os.arch: &amp;apos;amd64&amp;apos;, os.version: &amp;apos;10.0&amp;apos;, java.version: &amp;apos;1.8.0_281&amp;apos;
Driver info: org.openqa.selenium.chrome.ChromeDriver
Capabilities {acceptInsecureCerts: false, browserName: chrome, browserVersion: 90.0.4430.93, chrome: {chromedriverVersion: 89.0.4389.23 (61b08ee2c5002..., userDataDir: C:\Users\Pranaya\AppData\Lo...}, goog:chromeOptions: {debuggerAddress: localhost:59517}, javascriptEnabled: true, networkConnectionEnabled: false, pageLoadStrategy: normal, platform: WINDOWS, platformName: WINDOWS, proxy: Proxy(), setWindowRect: true, strictFileInteractability: false, timeouts: {implicit: 0, pageLoad: 300000, script: 30000}, unhandledPromptBehavior: dismiss and notify, webauthn:extension:largeBlob: true, webauthn:virtualAuthenticators: true}
Session ID: 5d8a89c1da4b9982b5d54da113347f74">
      <![CDATA[org.openqa.selenium.ElementClickInterceptedException: element click intercepted: Element <div class="product-sliderContainer" style="display: block;">...</div> is not clickable at point (385, 400). Other element would receive the click: <a href="/beauty-page-fragrances?f=Categories%3ABody%20Mist" style="color:;" class="desktop-categoryLink" data-reactid="677">...</a>
  (Session info: chrome=90.0.4430.93)
Build info: version: '3.141.59', revision: 'e82be7d358', time: '2018-11-14T08:17:03'
System info: host: 'DESKTOP-ETJP85C', ip: '192.168.0.100', os.name: 'Windows 10', os.arch: 'amd64', os.version: '10.0', java.version: '1.8.0_281'
Driver info: org.openqa.selenium.chrome.ChromeDriver
Capabilities {acceptInsecureCerts: false, browserName: chrome, browserVersion: 90.0.4430.93, chrome: {chromedriverVersion: 89.0.4389.23 (61b08ee2c5002..., userDataDir: C:\Users\Pranaya\AppData\Lo...}, goog:chromeOptions: {debuggerAddress: localhost:59517}, javascriptEnabled: true, networkConnectionEnabled: false, pageLoadStrategy: normal, platform: WINDOWS, platformName: WINDOWS, proxy: Proxy(), setWindowRect: true, strictFileInteractability: false, timeouts: {implicit: 0, pageLoad: 300000, script: 30000}, unhandledPromptBehavior: dismiss and notify, webauthn:extension:largeBlob: true, webauthn:virtualAuthenticators: true}
Session ID: 5d8a89c1da4b9982b5d54da113347f74
at org.openqa.selenium.remote.http.W3CHttpResponseCodec.createException(W3CHttpResponseCodec.java:187)
at org.openqa.selenium.remote.http.W3CHttpResponseCodec.decode(W3CHttpResponseCodec.java:122)
at org.openqa.selenium.remote.http.W3CHttpResponseCodec.decode(W3CHttpResponseCodec.java:49)
at org.openqa.selenium.remote.HttpCommandExecutor.execute(HttpCommandExecutor.java:158)
at org.openqa.selenium.remote.service.DriverCommandExecutor.execute(DriverCommandExecutor.java:83)
at org.openqa.selenium.remote.RemoteWebDriver.execute(RemoteWebDriver.java:552)
at org.openqa.selenium.remote.RemoteWebElement.execute(RemoteWebElement.java:285)
at org.openqa.selenium.remote.RemoteWebElement.click(RemoteWebElement.java:84)
at org.openqa.selenium.support.pagefactory.internal.LocatingElementHandler.invoke(LocatingElementHandler.java:51)
at com.sun.proxy.$Proxy11.click(Unknown Source)
at com.qa.testscript.TC_MyntraShopping_001.AddToCart(TC_MyntraShopping_001.java:66)
... Removed 33 stack frames]]>
    </failure>
  </testcase> <!-- AddToCart -->
  <testcase name="AddToCart" time="28.575" classname="com.qa.testscript.TC_MyntraShopping_001"/>
  <testcase name="BuyProductAndSignout" time="24.844" classname="com.qa.testscript.TC_MyntraShopping_001"/>
  <testcase name="Invalidlogin" time="32.727" classname="com.qa.testscript.TC_InvalidLogin_002">
    <failure type="java.lang.AssertionError" message="The following asserts failed:
	expected [Username or Password should be correct] but found [false]">
      <![CDATA[java.lang.AssertionError: The following asserts failed:
expected [Username or Password should be correct] but found [false]
at com.qa.testscript.TC_InvalidLogin_002.Invalidlogin(TC_InvalidLogin_002.java:53)
... Removed 26 stack frames]]>
    </failure>
  </testcase> <!-- Invalidlogin -->
  <testcase name="Invalidlogin" time="32.001" classname="com.qa.testscript.TC_InvalidLogin_002">
    <failure type="java.lang.AssertionError" message="The following asserts failed:
	expected [Username or Password should be correct] but found [false]">
      <![CDATA[java.lang.AssertionError: The following asserts failed:
expected [Username or Password should be correct] but found [false]
at com.qa.testscript.TC_InvalidLogin_002.Invalidlogin(TC_InvalidLogin_002.java:53)
... Removed 26 stack frames]]>
    </failure>
  </testcase> <!-- Invalidlogin -->
  <testcase name="Invalidlogin" time="31.658" classname="com.qa.testscript.TC_InvalidLogin_002">
    <failure type="java.lang.AssertionError" message="The following asserts failed:
	expected [Username or Password should be correct] but found [false]">
      <![CDATA[java.lang.AssertionError: The following asserts failed:
expected [Username or Password should be correct] but found [false]
at com.qa.testscript.TC_InvalidLogin_002.Invalidlogin(TC_InvalidLogin_002.java:53)
... Removed 26 stack frames]]>
    </failure>
  </testcase> <!-- Invalidlogin -->
  <testcase name="buyproduct" time="0.011" classname="com.qa.testscript.TC_InvalidLogin_002">
    <failure type="java.lang.AssertionError" message="expected [Username or Password should be correct] but found [false]">
      <![CDATA[java.lang.AssertionError: expected [Username or Password should be correct] but found [false]
at com.qa.testscript.TC_InvalidLogin_002.buyproduct(TC_InvalidLogin_002.java:79)
... Removed 30 stack frames]]>
    </failure>
  </testcase> <!-- buyproduct -->
  <testcase name="buyproduct" time="0.014" classname="com.qa.testscript.TC_InvalidLogin_002">
    <failure type="java.lang.AssertionError" message="expected [Username or Password should be correct] but found [false]">
      <![CDATA[java.lang.AssertionError: expected [Username or Password should be correct] but found [false]
at com.qa.testscript.TC_InvalidLogin_002.buyproduct(TC_InvalidLogin_002.java:79)
... Removed 30 stack frames]]>
    </failure>
  </testcase> <!-- buyproduct -->
  <testcase name="buyproduct" time="0.016" classname="com.qa.testscript.TC_InvalidLogin_002">
    <failure type="java.lang.AssertionError" message="expected [Username or Password should be correct] but found [false]">
      <![CDATA[java.lang.AssertionError: expected [Username or Password should be correct] but found [false]
at com.qa.testscript.TC_InvalidLogin_002.buyproduct(TC_InvalidLogin_002.java:79)
... Removed 30 stack frames]]>
    </failure>
  </testcase> <!-- buyproduct -->
  <testcase name="BuyProductAndSignout" time="0.028" classname="com.qa.testscript.TC_InvalidLogin_002">
    <failure type="java.lang.AssertionError" message="expected [Username or Password should be correct] but found [false]">
      <![CDATA[java.lang.AssertionError: expected [Username or Password should be correct] but found [false]
at com.qa.testscript.TC_InvalidLogin_002.BuyProductAndSignout(TC_InvalidLogin_002.java:127)
... Removed 30 stack frames]]>
    </failure>
  </testcase> <!-- BuyProductAndSignout -->
</testsuite> <!-- Test -->
